sequencer64->jack_client_open(0x7ffeabe8f2e0, 0, 0x7ffeabe8f1ec, 0x34367265636e6575) = 0x2778000
sequencer64->jack_on_shutdown(0x2778000, 0x487d11, 0x7ffeabe94cd8, 0x2778620) = 0x7fed997b3000
sequencer64->jack_set_sync_callback(0x2778000, 0x486ac2, 0x7ffeabe94cd8, 0x2778620) = 0
sequencer64->jack_set_process_callback(0x2778000, 0x486ab0, 0, 0x2778620) = 0
sequencer64->jack_set_session_callback(0x2778000, 0x486e31, 0x7ffeabe94cd8, 0x2778620) = 0
sequencer64->jack_set_timebase_callback(0x2778000, 0, 0x4879f5, 0x7ffeabe94cd8) = 0
sequencer64->jack_activate(0x2778000, 0x7fed9637fc08, 0x275ec00, 0) = 0
sequencer64->jack_transport_locate(0x2778000, 0, 0, 1) = 0
sequencer64->jack_transport_start(0x2778000, 0, 0x59010101, 0x7fed997b42d7) = 0x7fed997b4000
sequencer64->jack_transport_stop(0x2778000, 0x7ffeabe8eab0, 0x7d65c8, 0x26bd1a0) = 0x7fed997b4000
sequencer64->jack_transport_locate(0x2778000, 0, 0, 1) = 0
sequencer64->jack_transport_start(0x2778000, 0, 0x19010101, 0x7fed997b42d7) = 0x7fed997b4000
sequencer64->jack_transport_stop(0x2778000, 0x7ffeabe8eab0, 0x7d65c8, 0x26bd1a0) = 0x7fed997b4000
sequencer64->jack_release_timebase(0x2778000, 80, 1, 0) = 0
sequencer64->jack_deactivate(0x2778000, 0x7ffeabe8f408, 4, 0) = 0
sequencer64->jack_client_close(0x2778000, 0x7fed8a1309c0, 0, 0) = 0
+++ exited (status 0) +++

Notable differences between seq24 vs seq64 ltrace:

seq24->jack_client_open(0x4a9868, 0, 0, 0x800000) = 0x2694140
                                        ======== versus 0x34367265636e6575

seq24->jack_transport_locate(0x2694140, 0, 32, 0x28d636c) = 0
                                           ==  ========= versus 0, 1

seq24->jack_activate(0x2694140, 0x7f3c5f9b6000, 0x7f3c5c871970, 0x7f3c5c5ac8dd) = 0
                                                ==============  ==============

seq24->jack_client_close(0x2694140, 0x7fffb3e27bf8, 4, 0) = 0
                                                    = versus 0

Why the extra parameters that aren't defined in the originals?

