/usr/bin/seq64: /usr/lib/x86_64-linux-gnu/libstdc++.so.6: version `GLIBCXX_3.4.21' not found (required by /usr/bin/seq64)


	linux-vdso.so.1 (0x00007fff17b00000)
	libatkmm-1.6.so.1 => /usr/lib/x86_64-linux-gnu/libatkmm-1.6.so.1 (0x00007fa2ecfd2000)
	libgdkmm-2.4.so.1 => /usr/lib/x86_64-linux-gnu/libgdkmm-2.4.so.1 (0x00007fa2ecd83000)
	libgiomm-2.4.so.1 => /usr/lib/x86_64-linux-gnu/libgiomm-2.4.so.1 (0x00007fa2ec9e5000)
	libpangomm-1.4.so.1 => /usr/lib/x86_64-linux-gnu/libpangomm-1.4.so.1 (0x00007fa2ec7b9000)
	libglibmm-2.4.so.1 => /usr/lib/x86_64-linux-gnu/libglibmm-2.4.so.1 (0x00007fa2ec543000)
	libcairomm-1.0.so.1 => /usr/lib/libcairomm-1.0.so.1 (0x00007fa2ec31e000)
	libgtk-x11-2.0.so.0 => /usr/lib/x86_64-linux-gnu/libgtk-x11-2.0.so.0 (0x00007fa2ebcd0000)
	libgdk-x11-2.0.so.0 => /usr/lib/x86_64-linux-gnu/libgdk-x11-2.0.so.0 (0x00007fa2eba1a000)
	libpangocairo-1.0.so.0 => /usr/lib/x86_64-linux-gnu/libpangocairo-1.0.so.0 (0x00007fa2eb80d000)
	libatk-1.0.so.0 => /usr/lib/x86_64-linux-gnu/libatk-1.0.so.0 (0x00007fa2eb5e6000)
	libcairo.so.2 => /usr/lib/x86_64-linux-gnu/libcairo.so.2 (0x00007fa2eb2d0000)
	libgdk_pixbuf-2.0.so.0 => /usr/lib/x86_64-linux-gnu/libgdk_pixbuf-2.0.so.0 (0x00007fa2eb0ae000)
	libgio-2.0.so.0 => /usr/lib/x86_64-linux-gnu/libgio-2.0.so.0 (0x00007fa2ead34000)
	libpangoft2-1.0.so.0 => /usr/lib/x86_64-linux-gnu/libpangoft2-1.0.so.0 (0x00007fa2eab1e000)
	libpango-1.0.so.0 => /usr/lib/x86_64-linux-gnu/libpango-1.0.so.0 (0x00007fa2ea8d0000)
	libgobject-2.0.so.0 => /usr/lib/x86_64-linux-gnu/libgobject-2.0.so.0 (0x00007fa2ea67d000)
	libglib-2.0.so.0 => /lib/x86_64-linux-gnu/libglib-2.0.so.0 (0x00007fa2ea36e000)
	libfontconfig.so.1 => /usr/lib/x86_64-linux-gnu/libfontconfig.so.1 (0x00007fa2ea131000)
	libfreetype.so.6 => /usr/lib/x86_64-linux-gnu/libfreetype.so.6 (0x00007fa2e9e87000)
	libjack.so.0 => /usr/lib/x86_64-linux-gnu/libjack.so.0 (0x00007fa2e9c3e000)
	libasound.so.2 => /usr/lib/x86_64-linux-gnu/libasound.so.2 (0x00007fa2e9946000)
	libdl.so.2 => /lib/x86_64-linux-gnu/libdl.so.2 (0x00007fa2e9742000)
	libpthread.so.0 => /lib/x86_64-linux-gnu/libpthread.so.0 (0x00007fa2e9525000)
	libsigc-2.0.so.0 => /usr/lib/x86_64-linux-gnu/libsigc-2.0.so.0 (0x00007fa2e931f000)
	libgtkmm-2.4.so.1 => /usr/lib/x86_64-linux-gnu/libgtkmm-2.4.so.1 (0x00007fa2e8cd3000)
	libstdc++.so.6 => /usr/lib/x86_64-linux-gnu/libstdc++.so.6 (0x00007fa2e89c8000)
	libm.so.6 => /lib/x86_64-linux-gnu/libm.so.6 (0x00007fa2e86c7000)
	libgcc_s.so.1 => /lib/x86_64-linux-gnu/libgcc_s.so.1 (0x00007fa2e84b1000)
	libc.so.6 => /lib/x86_64-linux-gnu/libc.so.6 (0x00007fa2e8106000)
	libgmodule-2.0.so.0 => /usr/lib/x86_64-linux-gnu/libgmodule-2.0.so.0 (0x00007fa2e7f02000)
	libpng12.so.0 => /lib/x86_64-linux-gnu/libpng12.so.0 (0x00007fa2e7cdb000)
	libz.so.1 => /lib/x86_64-linux-gnu/libz.so.1 (0x00007fa2e7ac0000)
	libXext.so.6 => /usr/lib/x86_64-linux-gnu/libXext.so.6 (0x00007fa2e78ae000)
	libXrender.so.1 => /usr/lib/x86_64-linux-gnu/libXrender.so.1 (0x00007fa2e76a4000)
	libX11.so.6 => /usr/lib/x86_64-linux-gnu/libX11.so.6 (0x00007fa2e7361000)
	libXcomposite.so.1 => /usr/lib/x86_64-linux-gnu/libXcomposite.so.1 (0x00007fa2e715e000)
	libXdamage.so.1 => /usr/lib/x86_64-linux-gnu/libXdamage.so.1 (0x00007fa2e6f5b000)
	libXfixes.so.3 => /usr/lib/x86_64-linux-gnu/libXfixes.so.3 (0x00007fa2e6d55000)
	libXinerama.so.1 => /usr/lib/x86_64-linux-gnu/libXinerama.so.1 (0x00007fa2e6b52000)
	libXi.so.6 => /usr/lib/x86_64-linux-gnu/libXi.so.6 (0x00007fa2e6942000)
	libXrandr.so.2 => /usr/lib/x86_64-linux-gnu/libXrandr.so.2 (0x00007fa2e6738000)
	libXcursor.so.1 => /usr/lib/x86_64-linux-gnu/libXcursor.so.1 (0x00007fa2e652d000)
	libgthread-2.0.so.0 => /usr/lib/x86_64-linux-gnu/libgthread-2.0.so.0 (0x00007fa2e632b000)
	libpixman-1.so.0 => /usr/lib/x86_64-linux-gnu/libpixman-1.so.0 (0x00007fa2e607e000)
	libxcb-shm.so.0 => /usr/lib/x86_64-linux-gnu/libxcb-shm.so.0 (0x00007fa2e5e7a000)
	libxcb-render.so.0 => /usr/lib/x86_64-linux-gnu/libxcb-render.so.0 (0x00007fa2e5c70000)
	libxcb.so.1 => /usr/lib/x86_64-linux-gnu/libxcb.so.1 (0x00007fa2e5a4e000)
	librt.so.1 => /lib/x86_64-linux-gnu/librt.so.1 (0x00007fa2e5846000)
	libselinux.so.1 => /lib/x86_64-linux-gnu/libselinux.so.1 (0x00007fa2e5621000)
	libresolv.so.2 => /lib/x86_64-linux-gnu/libresolv.so.2 (0x00007fa2e540a000)
	libharfbuzz.so.0 => /usr/lib/x86_64-linux-gnu/libharfbuzz.so.0 (0x00007fa2e51b3000)
	libthai.so.0 => /usr/lib/x86_64-linux-gnu/libthai.so.0 (0x00007fa2e4faa000)
	libffi.so.6 => /usr/lib/x86_64-linux-gnu/libffi.so.6 (0x00007fa2e4da2000)
	libpcre.so.3 => /lib/x86_64-linux-gnu/libpcre.so.3 (0x00007fa2e4b34000)
	libexpat.so.1 => /lib/x86_64-linux-gnu/libexpat.so.1 (0x00007fa2e490b000)
	libopus.so.0 => /usr/lib/x86_64-linux-gnu/libopus.so.0 (0x00007fa2e46c2000)
	/lib64/ld-linux-x86-64.so.2 (0x00007fa2ed6bd000)
	libXau.so.6 => /usr/lib/x86_64-linux-gnu/libXau.so.6 (0x00007fa2e44be000)
	libXdmcp.so.6 => /usr/lib/x86_64-linux-gnu/libXdmcp.so.6 (0x00007fa2e42b9000)
	libgraphite2.so.3 => /usr/lib/x86_64-linux-gnu/libgraphite2.so.3 (0x00007fa2e4093000)
	libdatrie.so.1 => /usr/lib/x86_64-linux-gnu/libdatrie.so.1 (0x00007fa2e3e8b000)
